<?xml version="1.0" encoding="UTF-8"?>
<testsuite xmlns:xsi="http://www.w3.org/2001/XMLSchema-instance" xsi:noNamespaceSchemaLocation="https://maven.apache.org/surefire/maven-surefire-plugin/xsd/surefire-test-report.xsd" name="minischeme.EvaluatorTests" time="0.031" tests="11" errors="0" skipped="0" failures="0">
  <properties>
[...]
</properties>
  <testcase name="lessThanTest" classname="minischeme.EvaluatorTests" time="0.008"/>
  <testcase name="anonymousLambdaTest" classname="minischeme.EvaluatorTests" time="0.008"/>
  <testcase name="recursionTest" classname="minischeme.EvaluatorTests" time="0.001"/>
  <testcase name="ifTest" classname="minischeme.EvaluatorTests" time="0"/>
  <testcase name="variableDefinitionTest" classname="minischeme.EvaluatorTests" time="0"/>
  <testcase name="lambdaExpressionTest" classname="minischeme.EvaluatorTests" time="0.001"/>
  <testcase name="lambdaDefinitionTest" classname="minischeme.EvaluatorTests" time="0.001"/>
  <testcase name="multiplicationTest" classname="minischeme.EvaluatorTests" time="0.001"/>
  <testcase name="elseTest" classname="minischeme.EvaluatorTests" time="0.001"/>
  <testcase name="variableUseTest" classname="minischeme.EvaluatorTests" time="0"/>
  <testcase name="substractionTest" classname="minischeme.EvaluatorTests" time="0.001"/>
</testsuite>